{
  "runnable": false,
  "phase": "seed",
  "error_type": "CompilationError",
  "message": "/home/wan00559/miniconda3/envs/maxk/lib/python3.11/site-packages/torch/utils/cpp_extension.py:2356: UserWarning: TORCH_CUDA_ARCH_LIST is not set, all archs for visible cards are included for compilation. \nIf this is not desired, please set os.environ['TORCH_CUDA_ARCH_LIST'].\n  warnings.warn(\nError building extension 'fused_gemm_leaky_relu': [1/3] c++ -MMD -MF main.o.d -DTORCH_EXTENSION_NAME=fused_gemm_leaky_relu -DTORCH_API_INCLUDE_EXTENSION_H -DPYBIND11_COMPILER_TYPE=\\\"_gcc\\\" -DPYBIND11_STDLIB=\\\"_libstdcpp\\\" -DPYBIND11_BUILD_ABI=\\\"_cxxabi1016\\\" -isystem /home/wan00559/miniconda3/envs/maxk/lib/python3.11/site-packages/torch/include -isystem /home/wan00559/miniconda3/envs/maxk/lib/python3.11/site-packages/torch/include/torch/csrc/api/include -isystem /home/wan00559/miniconda3/envs/maxk/include/python3.11 -D_GLIBCXX_USE_CXX11_ABI=1 -fPIC -std=c++17 -c /home/wan00559/.cache/torch_extensions/py311_cu126/fused_gemm_leaky_relu/main.cpp -o main.o \n[2/3] /usr/bin/nvcc --generate-dependencies-with-compile --dependency-output cuda.cuda.o.d -DTORCH_EXTENSION_NAME=fused_gemm_leaky_relu -DTORCH_API_INCLUDE_EXTENSION_H -DPYBIND11_COMPILER_TYPE=\\\"_gcc\\\" -DPYBIND11_STDLIB=\\\"_libstdcpp\\\" -DPYBIND11_BUILD_ABI=\\\"_cxxabi1016\\\" -isystem /home/wan00559/miniconda3/envs/maxk/lib/python3.11/site-packages/torch/include -isystem /home/wan00559/miniconda3/envs/maxk/lib/python3.11/site-packages/torch/include/torch/csrc/api/include -isystem /home/wan00559/miniconda3/envs/maxk/include/python3.11 -D_GLIBCXX_USE_CXX11_ABI=1 -D__CUDA_NO_HALF_OPERATORS__ -D__CUDA_NO_HALF_CONVERSIONS__ -D__CUDA_NO_BFLOAT16_CONVERSIONS__ -D__CUDA_NO_HALF2_OPERATORS__ --expt-relaxed-constexpr -gencode=arch=compute_75,code=compute_75 -gencode=arch=compute_75,code=sm_75 --compiler-options '-fPIC' -std=c++17 -c /home/wan00559/.cache/torch_extensions/py311_cu126/fused_gemm_leaky_relu/cuda.cu -o cuda.cuda.o \n[3/3] c++ main.o cuda.cuda.o -shared -L/home/wan00559/miniconda3/envs/maxk/lib/python3.11/site-packages/torch/lib -lc10 -lc10_cuda -ltorch_cpu -ltorch_cuda -ltorch -ltorch_python -L/usr/lib64 -lcudart -o fused_gemm_leaky_relu.so\nFAILED: fused_gemm_leaky_relu.so \nc++ main.o cuda.cuda.o -shared -L/home/wan00559/miniconda3/envs/maxk/lib/python3.11/site-packages/torch/lib -lc10 -lc10_cuda -ltorch_cpu -ltorch_cuda -ltorch -ltorch_python -L/usr/lib64 -lcudart -o fused_gemm_leaky_relu.so\n/usr/bin/ld: cuda.cuda.o: in function `PyInit_fused_gemm_leaky_relu':\ntmpxft_002ded50_00000000-6_cuda.cudafe1.cpp:(.text+0x505): multiple definition of `PyInit_fused_gemm_leaky_relu'; main.o:main.cpp:(.text+0x257): first defined here\ncollect2: error: ld returned 1 exit status\nninja: build stopped: subcommand failed."
}