{
  "runnable": false,
  "phase": "repair",
  "error_type": "RuntimeError",
  "message": "/home/wan00559/miniconda3/envs/maxk/lib/python3.11/site-packages/torch/utils/cpp_extension.py:2356: UserWarning: TORCH_CUDA_ARCH_LIST is not set, all archs for visible cards are included for compilation. \nIf this is not desired, please set os.environ['TORCH_CUDA_ARCH_LIST'].\n  warnings.warn(\nError building extension 'tensor_identity_cuda_kernel': [1/2] /usr/bin/nvcc --generate-dependencies-with-compile --dependency-output cuda.cuda.o.d -DTORCH_EXTENSION_NAME=tensor_identity_cuda_kernel -DTORCH_API_INCLUDE_EXTENSION_H -DPYBIND11_COMPILER_TYPE=\\\"_gcc\\\" -DPYBIND11_STDLIB=\\\"_libstdcpp\\\" -DPYBIND11_BUILD_ABI=\\\"_cxxabi1016\\\" -isystem /home/wan00559/miniconda3/envs/maxk/lib/python3.11/site-packages/torch/include -isystem /home/wan00559/miniconda3/envs/maxk/lib/python3.11/site-packages/torch/include/torch/csrc/api/include -isystem /home/wan00559/miniconda3/envs/maxk/include/python3.11 -D_GLIBCXX_USE_CXX11_ABI=1 -D__CUDA_NO_HALF_OPERATORS__ -D__CUDA_NO_HALF_CONVERSIONS__ -D__CUDA_NO_BFLOAT16_CONVERSIONS__ -D__CUDA_NO_HALF2_OPERATORS__ --expt-relaxed-constexpr -gencode=arch=compute_75,code=compute_75 -gencode=arch=compute_75,code=sm_75 --compiler-options '-fPIC' -std=c++17 -c /home/wan00559/.cache/torch_extensions/py311_cu126/tensor_identity_cuda_kernel/cuda.cu -o cuda.cuda.o \nFAILED: cuda.cuda.o \n/usr/bin/nvcc --generate-dependencies-with-compile --dependency-output cuda.cuda.o.d -DTORCH_EXTENSION_NAME=tensor_identity_cuda_kernel -DTORCH_API_INCLUDE_EXTENSION_H -DPYBIND11_COMPILER_TYPE=\\\"_gcc\\\" -DPYBIND11_STDLIB=\\\"_libstdcpp\\\" -DPYBIND11_BUILD_ABI=\\\"_cxxabi1016\\\" -isystem /home/wan00559/miniconda3/envs/maxk/lib/python3.11/site-packages/torch/include -isystem /home/wan00559/miniconda3/envs/maxk/lib/python3.11/site-packages/torch/include/torch/csrc/api/include -isystem /home/wan00559/miniconda3/envs/maxk/include/python3.11 -D_GLIBCXX_USE_CXX11_ABI=1 -D__CUDA_NO_HALF_OPERATORS__ -D__CUDA_NO_HALF_CONVERSIONS__ -D__CUDA_NO_BFLOAT16_CONVERSIONS__ -D__CUDA_NO_HALF2_OPERATORS__ --expt-relaxed-constexpr -gencode=arch=compute_75,code=compute_75 -gencode=arch=compute_75,code=sm_75 --compiler-options '-fPIC' -std=c++17 -c /home/wan00559/.cache/torch_extensions/py311_cu126/tensor_identity_cuda_kernel/cuda.cu -o cuda.cuda.o \n/home/wan00559/.cache/torch_extensions/py311_cu126/tensor_identity_cuda_kernel/cuda.cu(28): error: identifier \"scalar_t\" is undefined\n\n/home/wan00559/.cache/torch_extensions/py311_cu126/tensor_identity_cuda_kernel/cuda.cu(28): error: expected an identifier\n\n/home/wan00559/.cache/torch_extensions/py311_cu126/tensor_identity_cuda_kernel/cuda.cu(28): error: expected a \";\"\n\n/home/wan00559/.cache/torch_extensions/py311_cu126/tensor_identity_cuda_kernel/cuda.cu(31): warning #12-D: parsing restarts here after previous syntax error\n\nRemark: The warnings can be suppressed with \"-diag-suppress <warning-number>\"\n\n/home/wan00559/.cache/torch_extensions/py311_cu126/tensor_identity_cuda_kernel/cuda.cu(26): error: identifier \"AT_DISPATCH_ALL_TYPES_AND_HALF\" is undefined\n\n4 errors detected in the compilation of \"/home/wan00559/.cache/torch_extensions/py311_cu126/tensor_identity_cuda_kernel/cuda.cu\".\nninja: build stopped: subcommand failed."
}